#
# There is insufficient memory for the Java Runtime Environment to continue.
# Native memory allocation (mmap) failed to map 132120576 bytes for G1 virtual space
# Possible reasons:
#   The system is out of physical RAM or swap space
#   The process is running with CompressedOops enabled, and the Java Heap may be blocking the growth of the native heap
# Possible solutions:
#   Reduce memory load on the system
#   Increase physical memory or swap space
#   Check if swap backing store is full
#   Decrease Java heap size (-Xmx/-Xms)
#   Decrease number of Java threads
#   Decrease Java thread stack sizes (-Xss)
#   Set larger code cache with -XX:ReservedCodeCacheSize=
#   JVM is running with Unscaled Compressed Oops mode in which the Java heap is
#     placed in the first 4GB address space. The Java Heap base address is the
#     maximum limit for the native heap growth. Please use -XX:HeapBaseMinAddress
#     to set the Java Heap base and to place the Java Heap above 4GB virtual address.
# This output file may be truncated or incomplete.
#
#  Out of Memory Error (os_windows.cpp:3559), pid=48256, tid=46472
#
# JRE version:  (17.0.7+7) (build )
# Java VM: OpenJDK 64-Bit Server VM (17.0.7+7, mixed mode, sharing, tiered, compressed oops, compressed class ptrs, g1 gc, windows-amd64)
# No core dump will be written. Minidumps are not enabled by default on client versions of Windows
#

---------------  S U M M A R Y ------------

Command Line: -Dfile.encoding=UTF-8 --module-path=C:\Users\fanir\Downloads\Projet Personnel\JAVA\ChampoLove\bin -XX:+ShowCodeDetailsInExceptionMessages -Djdk.module.main=ChampoLove ChampoLove/Main.Main

Host: Intel(R) Core(TM) i5-10500H CPU @ 2.50GHz, 12 cores, 7G,  Windows 11 , 64 bit Build 22621 (10.0.22621.1635)
Time: Sat May 13 02:05:56 2023 Paris, Madrid (heure duild 22621 (10.0.22621.1635) elapsed time: 0.016537 seconds (0d 0h 0m 0s)

---------------  T H R E A D  ---------------

Current thread (0x00000292428f77b0):  JavaThread "Unknown thread" [_thread_in_vm, id=46472, stack(0x000000ffccf00000,0x000000ffcd000000)]

Stack: [0x000000ffccf00000,0x000000ffcd000000]
Native frames: (J=compiled Java code, j=interpreted, Vv=VM code, C=native code)
V  [jvm.dll+0x67754a]
V  [jvm.dll+0x834304]
V  [jvm.dll+0x835aae]
V  [jvm.dll+0x836113]
V  [jvm.dll+0x24696f]
V  [jvm.dll+0x6743f9]
V  [jvm.dll+0x668c8a]
V  [jvm.dll+0x3061bb]
V  [jvm.dll+0x30d6a6]
V  [jvm.dll+0x35cece]
V  [jvm.dll+0x35d0ff]
V  [jvm.dll+0x2dd048]
V  [jvm.dll+0x2ddfb4]
V  [jvm.dll+0x8066d1]
V  [jvm.dll+0x36ac91]
V  [jvm.dll+0x7e5cec]
V  [jvm.dll+0x3ed56f]
V  [jvm.dll+0x3ef0a1]
C  [jli.dll+0x528b]
C  [ucrtbase.dll+0x29363]
C  [KERNEL32.DLL+0x126ad]
C  [ntdll.dll+0x5a9f8]


---------------  P R O C E S S  ---------------

Threads class SMR info:
_java_thread_list=0x00007ff9e35b7018, length=0, elements={
}

Java Threads: ( => current thread )

Other Threads:
  0x0000029242956450 GCTaskThread "GC Thread#0" [stack: 0x000000ffcd000000,0x000000ffcd100000] [id=15736]
  0x0000029242967490 ConcurrentGCThread "G1 Main Marker" [stack: 0x000000ffcd100000,0x000000ffcd200000] [id=21564]
  0x0000029242967da0 ConcurrentGCThread "G1 Conc#0" [stack: 0x000000ffcd200000,0x000000ffcd300000] [id=45784]

[error occurred during error reporting (printing all threads), id 0xc0000005, EXCEPTION_ACCESS_VIOLATION (0xc0000005) at pc=0x00007ff9e2d8daf7]

VM state: not at safepoint (not fully initialized)

VM Mutex/Monitor currently owned by a thread:  ([mutex/lock_event])
[0x00000292428f3900] Heap_lock - owner thread: 0x00000292428f77b0

Heap address: 0x0000000083800000, size: 1992 MB, Compressed Oops mode: 32-bit

CDS archive(s) mapped at: [0x0000000000000000-0x0000000000000000-0x0000000000000000), size 0, SharedBaseAddress: 0x0000000800000000, ArchiveRelocationMode: 0.
Narrow klass base: 0x0000000000000000, Narrow klass shift: 0, Narrow klass range: 0x0

GC Precious Log:
<Empty>

Heap:
 garbage-first heap   total 0K, used 0K [0x0000000083800000, 0x0000000100000000)
  region size 1024K, 0 young (0K), 0 survivors (0K)

[error occurred during error reporting (printing heap information), id 0xc0000005, EXCEPTION_ACCESS_VIOLATION (0xc0000005) at pc=0x00007ff9e3170db9]

GC Heap History (0 events):
No events

Dll operation events (1 events):
Event: 0.011 Loaded shared library C:\Users\fanir\.p2\pool\plugins\org.eclipse.justj.openjdk.hotspot.jre.full.win32.x86_64_17.0.7.v20230425-1502\jre\bin\java.dll

Deoptimization events (0 events):
No events

Classes unloaded (0 events):
No events

Classes redefined (0 events):
No events

Internal exceptions (0 events):
No events

VM Operations (0 events):
No events

Events (0 events):
No events


Dynamic libraries:
0x00007ff7fa010000 - 0x00007ff7fa01e000 	C:\Users\fanir\.p2\pool\plugins\org.eclipse.justj.openjdk.hotspot.jre.full.win32.x86_64_17.0.7.v20230425-1502\jre\bin\javaw.exe
0x00007ffab1af0000 - 0x00007ffab1d04000 	C:\WINDOWS\SYSTEM32\ntdll.dll
0x00007ffab1240000 - 0x00007ffab1302000 	C:\WINDOWS\System32\KERNEL32.DLL
0x00007ffaaf020000 - 0x00007ffaaf3c3000 	C:\WINDOWS\System32\KERNELBASE.dll
0x00007ffaaf490000 - 0x00007ffaaf5a1000 	C:\WINDOWS\System32\ucrtbase.dll
0x00007ffa98f20000 - 0x00007ffa98f39000 	C:\Users\fanir\.p2\pool\plugins\org.eclipse.justj.openjdk.hotspot.jre.full.win32.x86_64_17.0.7.v20230425-1502\jre\bin\VCRUNTIME140.dll
0x00007ffa991c0000 - 0x00007ffa991d7000 	C:\Users\fanir\.p2\pool\plugins\org.eclipse.justj.openjdk.hotspot.jre.full.win32.x86_64_17.0.7.v20230425-1502\jre\bin\jli.dll
0x00007ffab0dc0000 - 0x00007ffab0f6b000 	C:\WINDOWS\System32\USER32.dll
0x00007ffaaf8c0000 - 0x00007ffaaf8e6000 	C:\WINDOWS\System32\win32u.dll
0x00007ffab0d90000 - 0x00007ffab0db9000 	C:\WINDOWS\System32\GDI32.dll
0x00007ffa8b800000 - 0x00007ffa8ba8e000 	C:\WINDOWS\WinSxS\amd64_microsoft.windows.common-controls_6595b64144ccf1df_6.0.22621.1635_none_270f70857386168e\COMCTL32.dll
0x00007ffaaf7a0000 - 0x00007ffaaf8b8000 	C:\WINDOWS\System32\gdi32full.dll
0x00007ffab0940000 - 0x00007ffab09e7000 	C:\WINDOWS\System32\msvcrt.dll
0x00007ffaaef80000 - 0x00007ffaaf01a000 	C:\WINDOWS\System32\msvcp_win.dll
0x00007ffab14e0000 - 0x00007ffab1511000 	C:\WINDOWS\System32\IMM32.DLL
0x00007ffa99f20000 - 0x00007ffa99f2c000 	C:\Users\fanir\.p2\pool\plugins\org.eclipse.justj.openjdk.hotspot.jre.full.win32.x86_64_17.0.7.v20230425-1502\jre\bin\vcruntime140_1.dll
0x00007ffa5c980000 - 0x00007ffa5ca11000 	C:\Users\fanir\.p2\pool\plugins\org.eclipse.justj.openjdk.hotspot.jre.full.win32.x86_64_17.0.7.v20230425-1502\jre\bin\msvcp140.dll
0x00007ff9e2aa0000 - 0x00007ff9e36e8000 	C:\Users\fanir\.p2\pool\plugins\org.eclipse.justj.openjdk.hotspot.jre.full.win32.x86_64_17.0.7.v20230425-1502\jre\bin\server\jvm.dll
0x00007ffab1850000 - 0x00007ffab18fe000 	C:\WINDOWS\System32\ADVAPI32.dll
0x00007ffab1430000 - 0x00007ffab14d4000 	C:\WINDOWS\System32\sechost.dll
0x00007ffab1120000 - 0x00007ffab1237000 	C:\WINDOWS\System32\RPCRT4.dll
0x00007ffaa1690000 - 0x00007ffaa169a000 	C:\WINDOWS\SYSTEM32\VERSION.dll
0x00007ffaa6410000 - 0x00007ffaa6444000 	C:\WINDOWS\SYSTEM32\WINMM.dll
0x00007ffa93a50000 - 0x00007ffa93a59000 	C:\WINDOWS\SYSTEM32\WSOCK32.dll
0x00007ffab1950000 - 0x00007ffab19c1000 	C:\WINDOWS\System32\WS2_32.dll
0x00007ffaae050000 - 0x00007ffaae068000 	C:\WINDOWS\SYSTEM32\kernel.appcore.dll
0x00007ffaa9c40000 - 0x00007ffaa9c4a000 	C:\Users\fanir\.p2\pool\plugins\org.eclipse.justj.openjdk.hotspot.jre.full.win32.x86_64_17.0.7.v20230425-1502\jre\bin\jimage.dll
0x00007ffaac650000 - 0x00007ffaac87e000 	C:\WINDOWS\SYSTEM32\DBGHELP.DLL
0x00007ffab0a00000 - 0x00007ffab0d89000 	C:\WINDOWS\System32\combase.dll
0x00007ffaaf8f0000 - 0x00007ffaaf9c7000 	C:\WINDOWS\System32\OLEAUT32.dll
0x00007ffaa0e60000 - 0x00007ffaa0e92000 	C:\WINDOWS\SYSTEM32\dbgcore.DLL
0x00007ffaaf720000 - 0x00007ffaaf79b000 	C:\WINDOWS\System32\bcryptPrimitives.dll
0x00007ffa99e40000 - 0x00007ffa99e65000 	C:\Users\fanir\.p2\pool\plugins\org.eclipse.justj.openjdk.hotspot.jre.full.win32.x86_64_17.0.7.v20230425-1502\jre\bin\java.dll

dbghelp: loaded successfully - version: 4.0.5 - missing functions: none
symbol engine: initialized successfully - sym options: 0x614 - pdb path: .;C:\Users\fanir\.p2\pool\plugins\org.eclipse.justj.openjdk.hotspot.jre.full.win32.x86_64_17.0.7.v20230425-1502\jre\bin;C:\WINDOWS\SYSTEM32;C:\WINDOWS\WinSxS\amd64_microsoft.windows.common-controls_6595b64144ccf1df_6.0.22621.1635_none_270f70857386168e;C:\Users\fanir\.p2\pool\plugins\org.eclipse.justj.openjdk.hotspot.jre.full.win32.x86_64_17.0.7.v20230425-1502\jre\bin\server

VM Arguments:
jvm_args: -Dfile.encoding=UTF-8 --module-path=C:\Users\fanir\Downloads\Projet Personnel\JAVA\ChampoLove\bin -XX:+ShowCodeDetailsInExceptionMessages -Djdk.module.main=ChampoLove 
java_command: ChampoLove/Main.Main
java_class_path (initial): <not set>
Launcher Type: SUN_STANDARD

[Global flags]
     intx CICompilerCount                          = 4                                         {product} {ergonomic}
     uint ConcGCThreads                            = 3                                         {product} {ergonomic}
     uint G1ConcRefinementThreads                  = 10                                        {product} {ergonomic}
   size_t G1HeapRegionSize                         = 1048576                                   {product} {ergonomic}
    uintx GCDrainStackTargetSize                   = 64                                        {product} {ergonomic}
   size_t InitialHeapSize                          = 132120576                                 {product} {ergonomic}
   size_t MarkStackSize                            = 4194304                                   {product} {ergonomic}
   size_t MaxHeapSize                              = 2088763392                                {product} {ergonomic}
   size_t MinHeapDeltaBytes                        = 1048576                                   {product} {ergonomic}
   size_t MinHeapSize                              = 8388608                                   {product} {ergonomic}
    uintx NonNMethodCodeHeapSize                   = 5839372                                {pd product} {ergonomic}
    uintx NonProfiledCodeHeapSize                  = 122909434                              {pd product} {ergonomic}
    uintx ProfiledCodeHeapSize                     = 122909434                              {pd product} {ergonomic}
    uintx ReservedCodeCacheSize                    = 251658240                              {pd product} {ergonomic}
     bool SegmentedCodeCache                       = true                                      {product} {ergonomic}
     bool ShowCodeDetailsInExceptionMessages       = true                                   {manageable} {command line}
   size_t SoftMaxHeapSize                          = 2088763392                             {manageable} {ergonomic}
     bool UseCompressedClassPointers               = true                           {product lp64_product} {ergonomic}
     bool UseCompressedOops                        = true                           {product lp64_product} {ergonomic}
     bool UseG1GC                                  = true                                      {product} {ergonomic}
     bool UseLargePagesIndividualAllocation        = false                                  {pd product} {ergonomic}

Logging:
Log output configuration:
 #0: stdout all=warning uptime,level,tags
 #1: stderr all=off uptime,level,tags

Environment Variables:
PATH=C:/Users/fanir/.p2/pool/plugins/org.eclipse.justj.openjdk.hotspot.jre.full.win32.x86_64_17.0.7.v20230425-1502/jre/bin/server;C:/Users/fanir/.p2/pool/plugins/org.eclipse.justj.openjdk.hotspot.jre.full.win32.x86_64_17.0.7.v20230425-1502/jre/bin;C:\Program Files (x86)\Common Files\Oracle\Java\javapath;C:\Windows\system32;C:\Windows;C:\Windows\System32\Wbem;C:\Windows\System32\WindowsPowerShell\v1.0\;C:\Windows\System32\OpenSSH\;C:\Program Files (x86)\NVIDIA Corporation\PhysX\Common;C:\Program Files\NVIDIA Corporation\NVIDIA NvDLISR;C:\WINDOWS\system32;C:\WINDOWS;C:\WINDOWS\System32\Wbem;C:\WINDOWS\System32\WindowsPowerShell\v1.0\;C:\WINDOWS\System32\OpenSSH\;C:\Program Files\dotnet\;C:\Program Files\Git\cmd;C:\Users\fanir\AppData\Local\Microsoft\WindowsApps;C:\Users\fanir\AppData\Local\Programs\Microsoft VS Code\bin;C:\Users\fanir\AppData\Local\gitkraken\bin;C:\Program Files\JetBrains\IntelliJ IDEA Community Edition 2023.1\bin;;C:\Users\fanir\OneDrive\Bureau;
USERNAME=fanir
OS=Windows_NT
PROCESSOR_IDENTIFIER=Intel64 Family 6 Model 165 Stepping 2, GenuineIntel
TMP=C:\Users\fanir\AppData\Local\Temp
TEMP=C:\Users\fanir\AppData\Local\Temp



---------------  S Y S T E M  ---------------

OS:
 Windows 11 , 64 bit Build 22621 (10.0.22621.1635)
OS uptime: 1 days 9:25 hours

CPU: total 12 (initial active 12) (6 cores per cpu, 2 threads per core) family 6 model 165 stepping 2 microcode 0xf4, cx8, cmov, fxsr, ht, mmx, 3dnowpref, sse, sse2, sse3, ssse3, sse4.1, sse4.2, popcnt, lzcnt, tsc, tscinvbit, avx, avx2, aes, erms, clmul, bmi1, bmi2, adx, fma, vzeroupper, clflush, clflushopt

Memory: 4k page, system-wide physical 7967M (296M free)
TotalPageFile size 32543M (AvailPageFile size 99M)
current process WorkingSet (physical memory assigned to process): 11M, peak: 11M
current process commit charge ("private bytes"): 64M, peak: 190M

vm_info: OpenJDK 64-Bit Server VM (17.0.7+7) for windows-amd64 JRE (17.0.7+7), built on Apr 18 2023 22:10:42 by "temurin" with MS VC++ 16.7 (VS2019)

END.
